<?xml version="1.0" encoding="UTF-8"?>
<!-- Generated by org.testng.reporters.JUnitReportReporter -->
<testsuite skipped="0" hostname="WIN-GEDESCREUP8" name="NewTest" tests="1" failures="0" timestamp="24 Feb 2018 17:49:37 GMT" time="12.766" errors="0">
  <testcase name="f" time="12.766" classname="NewTest"/>
</testsuite> <!-- NewTest -->
